<?xml version="1.0" encoding="UTF-8"?>
<!-- Generated by org.testng.reporters.JUnitReportReporter -->
<testsuite hostname="DESKTOP-2A9OS0E" name="com.qa.apitest.RestAssuredTest" tests="5" failures="0" timestamp="19 Jan 2021 19:43:15 GMT" time="8.193" errors="0">
  <testcase name="invalidKeyPostStation_401" time="4.790" classname="com.qa.apitest.RestAssuredTest"/>
  <testcase name="validateGetStation" time="0.613" classname="com.qa.apitest.RestAssuredTest"/>
  <testcase name="validateDeleteStation_404" time="0.999" classname="com.qa.apitest.RestAssuredTest"/>
  <testcase name="validateDeleteStation_204" time="0.792" classname="com.qa.apitest.RestAssuredTest"/>
  <testcase name="validatePostStation_201" time="0.999" classname="com.qa.apitest.RestAssuredTest"/>
</testsuite> <!-- com.qa.apitest.RestAssuredTest -->
