<?xml version="1.0" encoding="UTF-8"?>
<!-- Generated by org.testng.reporters.JUnitReportReporter -->
<testsuite hostname="DESKTOP-2A9OS0E" name="com.qa.test.ShoppingPageTest" tests="1" failures="0" timestamp="19 Jan 2021 19:43:15 GMT" time="26.808" errors="0">
  <testcase name="testSoppingCart" time="26.808" classname="com.qa.test.ShoppingPageTest"/>
</testsuite> <!-- com.qa.test.ShoppingPageTest -->
