<?xml version="1.0" encoding="UTF-8"?>
<!-- Generated by org.testng.reporters.JUnitReportReporter -->
<testsuite hostname="DESKTOP-2A9OS0E" name="com.qa.test.RestAssuredTest" tests="5" failures="0" timestamp="19 Jan 2021 19:23:12 GMT" time="7.189" errors="0">
  <testcase name="invalidKeyPostStation_401" time="4.008" classname="com.qa.test.RestAssuredTest"/>
  <testcase name="validateGetStation" time="0.597" classname="com.qa.test.RestAssuredTest"/>
  <testcase name="validateDeleteStation_404" time="0.860" classname="com.qa.test.RestAssuredTest"/>
  <testcase name="validateDeleteStation_204" time="0.810" classname="com.qa.test.RestAssuredTest"/>
  <testcase name="validatePostStation_201" time="0.914" classname="com.qa.test.RestAssuredTest"/>
</testsuite> <!-- com.qa.test.RestAssuredTest -->
